ROUND1
========================
steven vs train20/24500
data = {3: 1, 2: 1, 1: 0, -1: 0, -2: 0, -3: 5, 'all': 7}
score = -1.4285714285714286
========================

ROUND2
========================
steven vs train20/24500
data = {3: 4, 2: 2, 1: 0, -1: 7, -2: 1, -3: 9, 'all': 23}
score = -0.8695652173913043
========================
========================
steven vs train20/24500
data = {3: 0, 2: 1, 1: 0, -1: 0, -2: 0, -3: 0, 'all': 1}
score = 2.0
========================
========================
steven vs train20/24500
data = {3: 0, 2: 1, 1: 0, -1: 0, -2: 1, -3: 0, 'all': 2}
score = 0.0
========================
========================
steven vs train20/24500
data = {3: 0, 2: 1, 1: 1, -1: 0, -2: 1, -3: 0, 'all': 3}
score = 0.3333333333333333
========================
========================
steven vs train20/24500
data = {3: 0, 2: 2, 1: 1, -1: 0, -2: 1, -3: 0, 'all': 4}
score = 0.75
========================
========================
steven vs train20/24500
data = {3: 0, 2: 3, 1: 1, -1: 0, -2: 1, -3: 0, 'all': 5}
score = 1.0
========================
========================
steven vs train20/24500
data = {3: 1, 2: 3, 1: 1, -1: 0, -2: 1, -3: 0, 'all': 6}
score = 1.3333333333333333
========================
========================
steven vs train20/24500
data = {3: 1, 2: 3, 1: 1, -1: 0, -2: 1, -3: 1, 'all': 7}
score = 0.7142857142857143
========================
========================
steven vs train20/24500
data = {3: 2, 2: 3, 1: 1, -1: 0, -2: 1, -3: 1, 'all': 8}
score = 1.0
========================
========================
steven vs train20/24500
data = {3: 3, 2: 3, 1: 1, -1: 0, -2: 1, -3: 1, 'all': 9}
score = 1.2222222222222223
========================
