========================
zhaotianjun vs train19/27500
data = {3: 0, 2: 0, 1: 0, -1: 0, -2: 0, -3: 1, 'all': 1}
score = -3.0
========================
========================
zhaotianjun vs train19/27500
data = {3: 0, 2: 0, 1: 0, -1: 1, -2: 0, -3: 1, 'all': 2}
score = -2.0
========================
========================
zhaotianjun vs train19/27500
data = {3: 0, 2: 0, 1: 1, -1: 1, -2: 0, -3: 1, 'all': 3}
score = -1.0
========================
========================
zhaotianjun vs train19/27500
data = {3: 1, 2: 0, 1: 0, -1: 0, -2: 0, -3: 0, 'all': 1}
score = 3.0
========================
========================
zhaotianjun vs train19/27500
data = {3: 2, 2: 0, 1: 0, -1: 0, -2: 0, -3: 0, 'all': 2}
score = 3.0
========================
========================
zhaotianjun vs train19/27500
data = {3: 2, 2: 0, 1: 0, -1: 0, -2: 0, -3: 1, 'all': 3}
score = 1.0
========================
========================
zhaotianjun vs train19/27500
data = {3: 1, 2: 0, 1: 0, -1: 0, -2: 0, -3: 0, 'all': 1}
score = 3.0
========================
========================
zhaotianjun vs train19/27500
data = {3: 0, 2: 0, 1: 0, -1: 0, -2: 0, -3: 1, 'all': 1}
score = -3.0
========================
========================
zhaotianjun vs train19/27500
data = {3: 1, 2: 0, 1: 0, -1: 0, -2: 0, -3: 0, 'all': 1}
score = 3.0
========================
========================
zhaotianjun vs train19/27500
data = {3: 0, 2: 0, 1: 0, -1: 1, -2: 0, -3: 0, 'all': 1}
score = -1.0
========================
========================
zhaotianjun vs train19/27500
data = {3: 1, 2: 0, 1: 0, -1: 0, -2: 0, -3: 0, 'all': 1}
score = 3.0
========================
========================
zhaotianjun vs train19/27500
data = {3: 1, 2: 0, 1: 1, -1: 0, -2: 0, -3: 0, 'all': 2}
score = 2.0
========================
========================
zhaotianjun vs train19/27500
data = {3: 1, 2: 0, 1: 1, -1: 0, -2: 0, -3: 1, 'all': 3}
score = 0.3333333333333333
========================
========================
zhaotianjun vs train19/27500
data = {3: 2, 2: 0, 1: 1, -1: 0, -2: 0, -3: 1, 'all': 4}
score = 1.0
========================
========================
zhaotianjun vs train19/27500
data = {3: 3, 2: 0, 1: 1, -1: 0, -2: 0, -3: 1, 'all': 5}
score = 1.4
========================
========================
zhaotianjun vs train19/27500
data = {3: 4, 2: 0, 1: 1, -1: 0, -2: 0, -3: 1, 'all': 6}
score = 1.6666666666666667
========================
========================
zhaotianjun vs train19/27500
data = {3: 4, 2: 0, 1: 1, -1: 0, -2: 0, -3: 2, 'all': 7}
score = 1.0
========================
========================
zhaotianjun vs train19/27500
data = {3: 5, 2: 0, 1: 1, -1: 0, -2: 0, -3: 2, 'all': 8}
score = 1.25
========================
========================
zhaotianjun vs train19/27500
data = {3: 5, 2: 1, 1: 1, -1: 0, -2: 0, -3: 2, 'all': 9}
score = 1.3333333333333333
========================
========================
zhaotianjun vs train19/27500
data = {3: 1, 2: 0, 1: 0, -1: 0, -2: 0, -3: 0, 'all': 1}
score = 3.0
========================
========================
zhaotianjun vs train19/27500
data = {3: 2, 2: 0, 1: 0, -1: 0, -2: 0, -3: 0, 'all': 2}
score = 3.0
========================
========================
zhaotianjun vs train19/27500
data = {3: 3, 2: 0, 1: 0, -1: 0, -2: 0, -3: 0, 'all': 3}
score = 3.0
========================
========================
zhaotianjun vs train19/27500
data = {3: 3, 2: 1, 1: 0, -1: 0, -2: 0, -3: 0, 'all': 4}
score = 2.75
========================
========================
zhaotianjun vs train19/27500
data = {3: 4, 2: 1, 1: 0, -1: 0, -2: 0, -3: 0, 'all': 5}
score = 2.8
========================
========================
zhaotianjun vs train19/27500
data = {3: 5, 2: 1, 1: 0, -1: 0, -2: 0, -3: 0, 'all': 6}
score = 2.8333333333333335
========================
========================
zhaotianjun vs train19/27500
data = {3: 1, 2: 0, 1: 0, -1: 0, -2: 0, -3: 0, 'all': 1}
score = 3.0
========================
========================
zhaotianjun vs train19/27500
data = {3: 1, 2: 0, 1: 0, -1: 1, -2: 0, -3: 0, 'all': 2}
score = 1.0
========================
========================
zhaotianjun vs train19/27500
data = {3: 1, 2: 0, 1: 1, -1: 1, -2: 0, -3: 0, 'all': 3}
score = 1.0
========================
========================
zhaotianjun vs train19/27500
data = {3: 2, 2: 0, 1: 1, -1: 1, -2: 0, -3: 0, 'all': 4}
score = 1.5
========================
========================
zhaotianjun vs train19/27500
data = {3: 2, 2: 0, 1: 2, -1: 1, -2: 0, -3: 0, 'all': 5}
score = 1.4
========================
========================
zhaotianjun vs train19/27500
data = {3: 2, 2: 1, 1: 2, -1: 1, -2: 0, -3: 0, 'all': 6}
score = 1.5
========================
========================
zhaotianjun vs train19/27500
data = {3: 2, 2: 1, 1: 2, -1: 2, -2: 0, -3: 0, 'all': 7}
score = 1.1428571428571428
========================
========================
zhaotianjun vs train19/27500
data = {3: 2, 2: 1, 1: 2, -1: 2, -2: 0, -3: 1, 'all': 8}
score = 0.625
========================
========================
zhaotianjun vs train19/27500
data = {3: 2, 2: 1, 1: 3, -1: 2, -2: 0, -3: 1, 'all': 9}
score = 0.6666666666666666
========================
========================
zhaotianjun vs train19/27500
data = {3: 2, 2: 1, 1: 3, -1: 2, -2: 1, -3: 1, 'all': 10}
score = 0.4
========================
========================
zhaotianjun vs train19/27500
data = {3: 0, 2: 0, 1: 0, -1: 1, -2: 0, -3: 0, 'all': 1}
score = -1.0
========================
========================
zhaotianjun vs train19/27500
data = {3: 0, 2: 0, 1: 0, -1: 2, -2: 0, -3: 0, 'all': 2}
score = -1.0
========================
========================
zhaotianjun vs train19/27500
data = {3: 0, 2: 0, 1: 0, -1: 0, -2: 1, -3: 0, 'all': 1}
score = -2.0
========================
========================
zhaotianjun vs train19/27500
data = {3: 0, 2: 0, 1: 0, -1: 0, -2: 1, -3: 1, 'all': 2}
score = -2.5
========================
========================
zhaotianjun vs train19/27500
data = {3: 0, 2: 1, 1: 0, -1: 0, -2: 1, -3: 1, 'all': 3}
score = -1.0
========================
